<?xml version="1.0" encoding="UTF-8"?>
<testng-results skipped="0" failed="0" ignored="0" total="1" passed="1">
  <reporter-output>
  </reporter-output>
  <suite name="Default suite" duration-ms="2995" started-at="2020-06-02T14:54:16 IST" finished-at="2020-06-02T14:54:19 IST">
    <groups>
    </groups>
    <test name="Default test" duration-ms="2995" started-at="2020-06-02T14:54:16 IST" finished-at="2020-06-02T14:54:19 IST">
      <class name="Api_Automation.Cas4_Delete">
        <test-method status="PASS" signature="removeMethod()[pri:0, instance:Api_Automation.Cas4_Delete@3d99d22e]" name="removeMethod" duration-ms="2952" started-at="2020-06-02T14:54:16 IST" finished-at="2020-06-02T14:54:19 IST">
          <reporter-output>
          </reporter-output>
        </test-method> <!-- removeMethod -->
      </class> <!-- Api_Automation.Cas4_Delete -->
    </test> <!-- Default test -->
  </suite> <!-- Default suite -->
</testng-results>
